<?xml version="1.0" encoding="UTF-8"?>
<!-- Generated by org.testng.reporters.JUnitReportReporter -->
<testsuite hostname="PS-L6" failures="0" tests="1" name="com.paysecure.test.Login" time="341.602" errors="0" timestamp="2025-07-07T14:10:03 IST" skipped="0">
  <testcase classname="com.paysecure.test.Login" name="verifyValidLoginTest" time="341.602"/>
</testsuite> <!-- com.paysecure.test.Login -->
