<?xml version="1.0" encoding="UTF-8"?>
<!-- Generated by org.testng.reporters.JUnitReportReporter -->
<testsuite hostname="DESKTOP-570GG52" failures="0" tests="2" name="com.paysecure.admin.manageRoles" time="49.344" errors="0" timestamp="2025-08-06T14:55:29 IST" skipped="0">
  <testcase classname="com.paysecure.admin.manageRoles" name="afterSearchingRole_iteratepages" time="26.270">
    <system-out>
      <![CDATA[User Click on Username Or Merchant name text Field
User enter Username or merchant Name :- tomjerry
User Click on the search Button]]>
    </system-out>
  </testcase> <!-- afterSearchingRole_iteratepages -->
  <testcase classname="com.paysecure.admin.manageRoles" name="afterSearchingRole_iteratepages" time="23.074">
    <system-out>
      <![CDATA[User Click on Username Or Merchant name text Field
User enter Username or merchant Name :- tomjerry
User Click on the search Button]]>
    </system-out>
  </testcase> <!-- afterSearchingRole_iteratepages -->
  <system-out>
    <![CDATA[User enter ID in Username field
User Enter Password in password field
Click on submit button in login page
User Click on Main Module - Manage Roles
User is on the Manage Roles Main Module
User Click on Username Or Merchant name text Field
User enter Username or merchant Name :- tomjerry
User Click on the search Button
User enter ID in Username field
User Enter Password in password field
Click on submit button in login page
User Click on Main Module - Manage Roles
User is on the Manage Roles Main Module
User Click on Username Or Merchant name text Field
User enter Username or merchant Name :- tomjerry
User Click on the search Button]]>
  </system-out>
</testsuite> <!-- com.paysecure.admin.manageRoles -->
