<?xml version="1.0" encoding="UTF-8"?>
<!-- Generated by org.testng.reporters.JUnitReportReporter -->
<testsuite hostname="LAPTOP-F9GTT2QO" failures="0" tests="1" name="com.paysecure.test.NewTest" time="12.735" errors="0" timestamp="2025-07-05T22:45:33 IST" skipped="0">
  <testcase classname="com.paysecure.test.NewTest" name="verifyValidLoginTest" time="12.735"/>
</testsuite> <!-- com.paysecure.test.NewTest -->
