<?xml version="1.0" encoding="UTF-8"?>
<!-- Generated by org.testng.reporters.JUnitReportReporter -->
<testsuite hostname="DESKTOP-570GG52" failures="0" tests="1" name="com.paysecure.admin.manageRoles" time="28.058" errors="0" timestamp="2025-08-04T18:25:27 IST" skipped="0">
  <testcase classname="com.paysecure.admin.manageRoles" name="verifyUserIDInResetPasswordFunctionality" time="28.058">
    <system-out>
      <![CDATA[User Click on Username Or Merchant name text Field
User enter Username or merchant Name :- tomjerry
User Click on the search Button
After searching the role, user gets username: tomjerry_3d
After searching the role, user gets Assigned Role: MERCHANT
User click on the Reset Password Functionality
Verify USEDID is matching on the Reset password
User enter passowrd in password field
User Verify :-Atleast one small and one capital letter, one digit, one special character]]>
    </system-out>
  </testcase> <!-- verifyUserIDInResetPasswordFunctionality -->
  <system-out>
    <![CDATA[User enter ID in Username field
User Enter Password in password field
Click on submit button in login page
User Click on Main Module - Manage Roles
User is on the Manage Roles Main Module
User Click on Username Or Merchant name text Field
User enter Username or merchant Name :- tomjerry
User Click on the search Button
After searching the role, user gets username: tomjerry_3d
After searching the role, user gets Assigned Role: MERCHANT
User click on the Reset Password Functionality
Verify USEDID is matching on the Reset password
User enter passowrd in password field
User Verify :-Atleast one small and one capital letter, one digit, one special character]]>
  </system-out>
</testsuite> <!-- com.paysecure.admin.manageRoles -->
