<?xml version="1.0" encoding="UTF-8"?>
<!-- Generated by org.testng.reporters.JUnitReportReporter -->
<testsuite hostname="DESKTOP-570GG52" failures="0" tests="1" name="com.report.test.transaction" time="29.002" errors="0" timestamp="2025-08-07T17:17:28 IST" skipped="0">
  <testcase classname="com.report.test.transaction" name="get_All_Bank_Name" time="29.002">
    <system-out>
      <![CDATA[User Click on Bank Module
User Click on All Bank Sub Module
User is on the Banks Page
User navigate upto bank of quantity]]>
    </system-out>
  </testcase> <!-- get_All_Bank_Name -->
  <system-out>
    <![CDATA[User enter ID in Username field
User Enter Password in password field
Click on submit button in login page
User click on Report Main Module
User click on Transaction sub module
User Click on Bank Module
User Click on All Bank Sub Module
User is on the Banks Page
User navigate upto bank of quantity]]>
  </system-out>
</testsuite> <!-- com.report.test.transaction -->
