<?xml version="1.0" encoding="UTF-8"?>
<!-- Generated by org.testng.reporters.JUnitReportReporter -->
<testsuite hostname="DESKTOP-570GG52" failures="0" tests="1" name="com.report.test.transaction" time="769.254" errors="0" timestamp="2025-08-02T23:08:20 IST" skipped="0">
  <testcase classname="com.report.test.transaction" name="verifyLastStatusInLastAction" time="769.254">
    <system-out>
      <![CDATA[User click on Search Buttton
User get text of Last Status based on Filter :-
User click on Last Action Button
User get text of Last Status based on Filter :-]]>
    </system-out>
  </testcase> <!-- verifyLastStatusInLastAction -->
  <system-out>
    <![CDATA[User enter ID in Username field
User Enter Password in password field
Click on submit button in login page
User scroll to down upto Analytics
User click on Report Main Module
User click on Transaction sub module
User click on Search Buttton
User get text of Last Status based on Filter :-
User click on Last Action Button
User get text of Last Status based on Filter :-]]>
  </system-out>
</testsuite> <!-- com.report.test.transaction -->
