<?xml version="1.0" encoding="UTF-8"?>
<!-- Generated by org.testng.reporters.JUnitReportReporter -->
<testsuite hostname="DESKTOP-570GG52" failures="0" tests="9" name="com.paysecure.banks.allbanks" time="229.121" errors="0" timestamp="2025-08-07T17:55:55 IST" skipped="1">
  <testcase classname="com.paysecure.banks.allbanks" name="verifyAddbank" time="24.526">
    <system-out>
      <![CDATA[Verify that Add ban is enable
User Click on the Add Bank button
Verify user is on the Bank details Page]]>
    </system-out>
  </testcase> <!-- verifyAddbank -->
  <testcase classname="com.paysecure.banks.allbanks" name="clearTheSearchFieldAndCheckIt" time="51.831">
    <system-out>
      <![CDATA[Verify search text fiels is enable and ready to recive input from user 
User Enter Bank name on the Search Bank name field :- SA3434434
User click on search button]]>
    </system-out>
  </testcase> <!-- clearTheSearchFieldAndCheckIt -->
  <testcase classname="com.paysecure.banks.allbanks" name="afterSearchingRefreshThePage" time="29.431">
    <system-out>
      <![CDATA[Verify search text fiels is enable and ready to recive input from user 
User Enter Bank name on the Search Bank name field :- CA
User click on search button]]>
    </system-out>
  </testcase> <!-- afterSearchingRefreshThePage -->
  <testcase classname="com.paysecure.banks.allbanks" name="validateShowAllButtonIsAlreadySelected" time="17.335">
    <system-out>
      <![CDATA[Expected headers: [BANK NAME, ACTION]
Actual headers found: [BANK NAME, ACTION]
Expected header count: 2
Actual header count: 2
Table header verification PASSED. Headers match exactly by name.
User click on the Show All button]]>
    </system-out>
  </testcase> <!-- validateShowAllButtonIsAlreadySelected -->
  <testcase classname="com.paysecure.banks.allbanks" name="checkActiveStatusActiveAllBanks" time="53.201">
    <system-out>
      <![CDATA[Expected headers: [BANK NAME, ACTION]
Actual headers found: [BANK NAME, ACTION]
Expected header count: 2
Actual header count: 2
Table header verification PASSED. Headers match exactly by name.
✅ All banks on all pages have 'Active' status]]>
    </system-out>
  </testcase> <!-- checkActiveStatusActiveAllBanks -->
  <testcase classname="com.paysecure.banks.allbanks" name="checkInactiveStatusInactiveInAllBanks" time="17.005">
    <system-out>
      <![CDATA[Expected headers: [BANK NAME, ACTION]
Actual headers found: [BANK NAME, ACTION]
Expected header count: 2
Actual header count: 2
Table header verification PASSED. Headers match exactly by name.
✅ All banks on the current page have 'Inactive' status]]>
    </system-out>
  </testcase> <!-- checkInactiveStatusInactiveInAllBanks -->
  <testcase classname="com.paysecure.banks.allbanks" name="verifyTableHeaderInAllbanks" time="18.388">
    <system-out>
      <![CDATA[Expected headers: [BANK NAME, ACTION]
Actual headers found: [BANK NAME, ACTION]
Expected header count: 2
Actual header count: 2
Table header verification PASSED. Headers match exactly by name.]]>
    </system-out>
  </testcase> <!-- verifyTableHeaderInAllbanks -->
  <testcase classname="com.paysecure.banks.allbanks" name="validateForActiveAndInactiveBank" time="17.404">
    <system-out>
      <![CDATA[User click on the Show All button
User clicked on the Active button
User clicked on the Inactive button]]>
    </system-out>
  </testcase> <!-- validateForActiveAndInactiveBank -->
  <testcase classname="com.paysecure.banks.allbanks" name="get_All_Bank_Name">
    <skipped/>
  </testcase> <!-- get_All_Bank_Name -->
  <system-out>
    <![CDATA[User enter ID in Username field
User Enter Password in password field
Click on submit button in login page
User Click on Bank Module
User Click on All Bank Sub Module
User is on the Banks Page
Verify that Add ban is enable
User Click on the Add Bank button
Verify user is on the Bank details Page
User enter ID in Username field
User Enter Password in password field
Click on submit button in login page
User Click on Bank Module
User Click on All Bank Sub Module
User is on the Banks Page
Verify search text fiels is enable and ready to recive input from user 
User Enter Bank name on the Search Bank name field :- SA3434434
User click on search button
User enter ID in Username field
User Enter Password in password field
Click on submit button in login page
User Click on Bank Module
User Click on All Bank Sub Module
User is on the Banks Page
Verify search text fiels is enable and ready to recive input from user 
User Enter Bank name on the Search Bank name field :- CA
User click on search button
User enter ID in Username field
User Enter Password in password field
Click on submit button in login page
User Click on Bank Module
User Click on All Bank Sub Module
User is on the Banks Page
Expected headers: [BANK NAME, ACTION]
Actual headers found: [BANK NAME, ACTION]
Expected header count: 2
Actual header count: 2
Table header verification PASSED. Headers match exactly by name.
User click on the Show All button
User enter ID in Username field
User Enter Password in password field
Click on submit button in login page
User Click on Bank Module
User Click on All Bank Sub Module
User is on the Banks Page
Expected headers: [BANK NAME, ACTION]
Actual headers found: [BANK NAME, ACTION]
Expected header count: 2
Actual header count: 2
Table header verification PASSED. Headers match exactly by name.
✅ All banks on all pages have 'Active' status
User enter ID in Username field
User Enter Password in password field
Click on submit button in login page
User Click on Bank Module
User Click on All Bank Sub Module
User is on the Banks Page
Expected headers: [BANK NAME, ACTION]
Actual headers found: [BANK NAME, ACTION]
Expected header count: 2
Actual header count: 2
Table header verification PASSED. Headers match exactly by name.
✅ All banks on the current page have 'Inactive' status
User enter ID in Username field
User Enter Password in password field
Click on submit button in login page
User Click on Bank Module
User Click on All Bank Sub Module
User is on the Banks Page
Expected headers: [BANK NAME, ACTION]
Actual headers found: [BANK NAME, ACTION]
Expected header count: 2
Actual header count: 2
Table header verification PASSED. Headers match exactly by name.
User enter ID in Username field
User Enter Password in password field
Click on submit button in login page
User Click on Bank Module
User Click on All Bank Sub Module
User is on the Banks Page
User click on the Show All button
User clicked on the Active button
User clicked on the Inactive button]]>
  </system-out>
</testsuite> <!-- com.paysecure.banks.allbanks -->
