<?xml version="1.0" encoding="UTF-8"?>
<!-- Generated by org.testng.reporters.JUnitReportReporter -->
<testsuite hostname="DESKTOP-570GG52" failures="0" tests="1" name="com.report.test.transaction" time="144.428" errors="0" timestamp="2025-08-06T17:35:46 IST" skipped="0">
  <testcase classname="com.report.test.transaction" name="checkNewMID" time="144.428">
    <system-out>
      <![CDATA[User Click on Bank Module
User Click on All Bank Sub Module
User is on the Banks Page
User Enter Bank name on the Search Bank name field :- doremon
User click on search button
User click on Add MID Button
User click on Add MID Button
User click on Add Mid Button
User enter mid name in mid name textfieldnobita24
User enter Alloted mid name in Alloted mid name textfieldnobita24
User enter auth key in auth key text field4197a83kt1qgqav51hflqpm1t4##s650foqq3fcmd9po47lp5q3n4b39431l2vtj85g18aqpcvkb3cl##fead5d6f-0945-44e0-a26c-1b7daab89bf1##5d9fde44-7b03-48fc-bdf8-751322db0600##2afc4c62-78ae-480c-ad72-c7edeb74c105
User click on allowed card  
User click on select all card checkbox
User click on select currency 
User enter currency in search currency textfieldUSD
User click on select all currency checkbox
User click on submit button
User click on Report Main Module
User click on Transaction sub module
User Enter bank name in transaction sub module  :- doremon
User click on first match Bank
User click on Select MID]]>
    </system-out>
  </testcase> <!-- checkNewMID -->
  <system-out>
    <![CDATA[User enter ID in Username field
User Enter Password in password field
Click on submit button in login page
User click on Report Main Module
User click on Transaction sub module
User Click on Bank Module
User Click on All Bank Sub Module
User is on the Banks Page
User Enter Bank name on the Search Bank name field :- doremon
User click on search button
User click on Add MID Button
User click on Add MID Button
User click on Add Mid Button
User enter mid name in mid name textfieldnobita24
User enter Alloted mid name in Alloted mid name textfieldnobita24
User enter auth key in auth key text field4197a83kt1qgqav51hflqpm1t4##s650foqq3fcmd9po47lp5q3n4b39431l2vtj85g18aqpcvkb3cl##fead5d6f-0945-44e0-a26c-1b7daab89bf1##5d9fde44-7b03-48fc-bdf8-751322db0600##2afc4c62-78ae-480c-ad72-c7edeb74c105
User click on allowed card  
User click on select all card checkbox
User click on select currency 
User enter currency in search currency textfieldUSD
User click on select all currency checkbox
User click on submit button
User click on Report Main Module
User click on Transaction sub module
User Enter bank name in transaction sub module  :- doremon
User click on first match Bank
User click on Select MID]]>
  </system-out>
</testsuite> <!-- com.report.test.transaction -->
