<?xml version="1.0" encoding="UTF-8"?>
<!-- Generated by org.testng.reporters.JUnitReportReporter -->
<testsuite hostname="DESKTOP-570GG52" failures="0" tests="32" name="com.paysecure.admin.manageRoles" time="1478.933" errors="3" timestamp="2025-08-06T15:33:22 IST" skipped="0">
  <testcase classname="com.paysecure.admin.manageRoles" name="verifySearchFunctionality" time="22.412">
    <system-out>
      <![CDATA[User search username/Merchant :- gouri_sharma
User Click on search button
User search username/Merchant :- gouri_sharma
User Click on search button
Verify search username is present on this manage role page :- gouri_sharma]]>
    </system-out>
  </testcase> <!-- verifySearchFunctionality -->
  <testcase classname="com.paysecure.admin.manageRoles" name="verifySearchFunctionalityIfUserEnterWrongMerchant_Username" time="24.040">
    <system-out>
      <![CDATA[User search username/Merchant :- (*&^%$#$%^&*hgvhf)(*&^%^&*
User Click on search button
If user enter any wrong username or merchant name then No records found is successfully displays]]>
    </system-out>
  </testcase> <!-- verifySearchFunctionalityIfUserEnterWrongMerchant_Username -->
  <testcase classname="com.paysecure.admin.manageRoles" name="verifyRefreshPage_SearchFunctionalityIfUserEnterWrongMerchant_Username" time="23.233">
    <system-out>
      <![CDATA[User search username/Merchant :- gouri_sharma
User Click on search button]]>
    </system-out>
  </testcase> <!-- verifyRefreshPage_SearchFunctionalityIfUserEnterWrongMerchant_Username -->
  <testcase classname="com.paysecure.admin.manageRoles" name="validateUsernameErrorMessages" time="24.758">
    <system-out>
      <![CDATA[User Click on add rolRoles
User Click on add roll button]]>
    </system-out>
  </testcase> <!-- validateUsernameErrorMessages -->
  <testcase classname="com.paysecure.admin.manageRoles" name="validateUsernameErrorMessages" time="21.465">
    <system-out>
      <![CDATA[User Click on add rolRoles
User Click on add roll button]]>
    </system-out>
  </testcase> <!-- validateUsernameErrorMessages -->
  <testcase classname="com.paysecure.admin.manageRoles" name="validateUsernameErrorMessages" time="22.658">
    <system-out>
      <![CDATA[User Click on add rolRoles
User Click on add roll button]]>
    </system-out>
  </testcase> <!-- validateUsernameErrorMessages -->
  <testcase classname="com.paysecure.admin.manageRoles" name="validatePassswordErrorMessages" time="21.354">
    <system-out>
      <![CDATA[User Click on add rolRoles
User Click on add roll button]]>
    </system-out>
  </testcase> <!-- validatePassswordErrorMessages -->
  <testcase classname="com.paysecure.admin.manageRoles" name="validatePassswordErrorMessages" time="22.393">
    <system-out>
      <![CDATA[User Click on add rolRoles
User Click on add roll button]]>
    </system-out>
  </testcase> <!-- validatePassswordErrorMessages -->
  <testcase classname="com.paysecure.admin.manageRoles" name="validatePassswordErrorMessages" time="26.155">
    <system-out>
      <![CDATA[User Click on add rolRoles
User Click on add roll button]]>
    </system-out>
  </testcase> <!-- validatePassswordErrorMessages -->
  <testcase classname="com.paysecure.admin.manageRoles" name="validateGenpassFunctionality" time="20.586">
    <system-out>
      <![CDATA[User Click on add Roles
User click on the Gen Pass Button
User clicks on the Gen Pass Button then actually some new password will be generated: 'gF!UL@D6']]>
    </system-out>
  </testcase> <!-- validateGenpassFunctionality -->
  <testcase classname="com.paysecure.admin.manageRoles" name="validateEmailFieldErrors" time="42.334">
    <error message="Expected condition failed: waiting for visibility of element located by By.xpath: //input[@id=&#039;emailaddress1&#039;]/following-sibling::span[contains(normalize-space(),&#039;Email address&#039;)] (tried for 5 second(s) with 500 milliseconds interval)
Build info: version: &#039;4.20.0&#039;, revision: &#039;866c76ca80&#039;
System info: os.name: &#039;Windows 11&#039;, os.arch: &#039;amd64&#039;, os.version: &#039;10.0&#039;, java.version: &#039;21.0.7&#039;
Driver info: org.openqa.selenium.chrome.ChromeDriver
Capabilities {acceptInsecureCerts: false, browserName: chrome, browserVersion: 138.0.7204.184, chrome: {chromedriverVersion: 138.0.7204.183 (e90faf484dd..., userDataDir: C:\Users\LENOVO\AppData\Loc...}, fedcm:accounts: true, goog:chromeOptions: {debuggerAddress: localhost:61846}, networkConnectionEnabled: false, pageLoadStrategy: normal, platformName: windows, proxy: Proxy(), se:cdp: ws://localhost:61846/devtoo..., se:cdpVersion: 138.0.7204.184, setWindowRect: true, strictFileInteractability: false, timeouts: {implicit: 0, pageLoad: 300000, script: 30000}, unhandledPromptBehavior: dismiss and notify, webauthn:extension:credBlob: true, webauthn:extension:largeBlob: true, webauthn:extension:minPinLength: true, webauthn:extension:prf: true, webauthn:virtualAuthenticators: true}
Session ID: c3f617e29306acc8d9f4756b8f4abedb" type="org.openqa.selenium.TimeoutException">
      <![CDATA[org.openqa.selenium.TimeoutException: Expected condition failed: waiting for visibility of element located by By.xpath: //input[@id='emailaddress1']/following-sibling::span[contains(normalize-space(),'Email address')] (tried for 5 second(s) with 500 milliseconds interval)
Build info: version: '4.20.0', revision: '866c76ca80'
System info: os.name: 'Windows 11', os.arch: 'amd64', os.version: '10.0', java.version: '21.0.7'
Driver info: org.openqa.selenium.chrome.ChromeDriver
Capabilities {acceptInsecureCerts: false, browserName: chrome, browserVersion: 138.0.7204.184, chrome: {chromedriverVersion: 138.0.7204.183 (e90faf484dd..., userDataDir: C:\Users\LENOVO\AppData\Loc...}, fedcm:accounts: true, goog:chromeOptions: {debuggerAddress: localhost:61846}, networkConnectionEnabled: false, pageLoadStrategy: normal, platformName: windows, proxy: Proxy(), se:cdp: ws://localhost:61846/devtoo..., se:cdpVersion: 138.0.7204.184, setWindowRect: true, strictFileInteractability: false, timeouts: {implicit: 0, pageLoad: 300000, script: 30000}, unhandledPromptBehavior: dismiss and notify, webauthn:extension:credBlob: true, webauthn:extension:largeBlob: true, webauthn:extension:minPinLength: true, webauthn:extension:prf: true, webauthn:virtualAuthenticators: true}
Session ID: c3f617e29306acc8d9f4756b8f4abedb
at org.openqa.selenium.support.ui.WebDriverWait.timeoutException(WebDriverWait.java:84)
at org.openqa.selenium.support.ui.FluentWait.until(FluentWait.java:228)
at com.paysecure.Admin.pages.manageRoles_page.getErrorMessage_password(manageRoles_page.java:240)
at com.paysecure.Admin.pages.manageRoles_page.validateEmailError(manageRoles_page.java:290)
at com.paysecure.admin.manageRoles.validateEmailFieldErrors(manageRoles.java:77)
at java.base/jdk.internal.reflect.DirectMethodHandleAccessor.invoke(DirectMethodHandleAccessor.java:103)
at java.base/java.lang.reflect.Method.invoke(Method.java:580)
at org.testng.internal.invokers.MethodInvocationHelper.invokeMethod(MethodInvocationHelper.java:141)
at org.testng.internal.invokers.TestInvoker.invokeMethod(TestInvoker.java:687)
at org.testng.internal.invokers.TestInvoker.invokeTestMethod(TestInvoker.java:230)
at org.testng.internal.invokers.MethodRunner.runInSequence(MethodRunner.java:63)
at org.testng.internal.invokers.TestInvoker$MethodInvocationAgent.invoke(TestInvoker.java:995)
at org.testng.internal.invokers.TestInvoker.invokeTestMethods(TestInvoker.java:203)
at org.testng.internal.invokers.TestMethodWorker.invokeTestMethods(TestMethodWorker.java:154)
at org.testng.internal.invokers.TestMethodWorker.run(TestMethodWorker.java:134)
at java.base/java.util.ArrayList.forEach(ArrayList.java:1596)
at org.testng.TestRunner.privateRun(TestRunner.java:741)
at org.testng.TestRunner.run(TestRunner.java:616)
at org.testng.SuiteRunner.runTest(SuiteRunner.java:421)
at org.testng.SuiteRunner.runSequentially(SuiteRunner.java:413)
at org.testng.SuiteRunner.privateRun(SuiteRunner.java:373)
at org.testng.SuiteRunner.run(SuiteRunner.java:312)
at org.testng.SuiteRunnerWorker.runSuite(SuiteRunnerWorker.java:52)
at org.testng.SuiteRunnerWorker.run(SuiteRunnerWorker.java:95)
at org.testng.TestNG.runSuitesSequentially(TestNG.java:1274)
at org.testng.TestNG.runSuitesLocally(TestNG.java:1208)
at org.testng.TestNG.runSuites(TestNG.java:1112)
at org.testng.TestNG.run(TestNG.java:1079)
at org.testng.remote.AbstractRemoteTestNG.run(AbstractRemoteTestNG.java:115)
at org.testng.remote.RemoteTestNG.initAndRun(RemoteTestNG.java:293)
at org.testng.remote.RemoteTestNG.main(RemoteTestNG.java:91)
]]>
    </error>
    <system-out>
      <![CDATA[User Click on add rolRoles
User Click on add roll button]]>
    </system-out>
  </testcase> <!-- validateEmailFieldErrors -->
  <testcase classname="com.paysecure.admin.manageRoles" name="validateEmailFieldErrors" time="21.557">
    <system-out>
      <![CDATA[User Click on add rolRoles
User Click on add roll button]]>
    </system-out>
  </testcase> <!-- validateEmailFieldErrors -->
  <testcase classname="com.paysecure.admin.manageRoles" name="validateEmailFieldErrors" time="27.788">
    <system-out>
      <![CDATA[User Click on add rolRoles
User Click on add roll button]]>
    </system-out>
  </testcase> <!-- validateEmailFieldErrors -->
  <testcase classname="com.paysecure.admin.manageRoles" name="validateEmailFieldErrors" time="29.854">
    <error message="Expected condition failed: waiting for visibility of element located by By.xpath: //input[@id=&#039;emailaddress1&#039;]/following-sibling::span[contains(normalize-space(),&#039;Email address&#039;)] (tried for 5 second(s) with 500 milliseconds interval)
Build info: version: &#039;4.20.0&#039;, revision: &#039;866c76ca80&#039;
System info: os.name: &#039;Windows 11&#039;, os.arch: &#039;amd64&#039;, os.version: &#039;10.0&#039;, java.version: &#039;21.0.7&#039;
Driver info: org.openqa.selenium.chrome.ChromeDriver
Capabilities {acceptInsecureCerts: false, browserName: chrome, browserVersion: 138.0.7204.184, chrome: {chromedriverVersion: 138.0.7204.183 (e90faf484dd..., userDataDir: C:\Users\LENOVO\AppData\Loc...}, fedcm:accounts: true, goog:chromeOptions: {debuggerAddress: localhost:61891}, networkConnectionEnabled: false, pageLoadStrategy: normal, platformName: windows, proxy: Proxy(), se:cdp: ws://localhost:61891/devtoo..., se:cdpVersion: 138.0.7204.184, setWindowRect: true, strictFileInteractability: false, timeouts: {implicit: 0, pageLoad: 300000, script: 30000}, unhandledPromptBehavior: dismiss and notify, webauthn:extension:credBlob: true, webauthn:extension:largeBlob: true, webauthn:extension:minPinLength: true, webauthn:extension:prf: true, webauthn:virtualAuthenticators: true}
Session ID: cb19b024b0a423acb9b7f4f24051c6c1" type="org.openqa.selenium.TimeoutException">
      <![CDATA[org.openqa.selenium.TimeoutException: Expected condition failed: waiting for visibility of element located by By.xpath: //input[@id='emailaddress1']/following-sibling::span[contains(normalize-space(),'Email address')] (tried for 5 second(s) with 500 milliseconds interval)
Build info: version: '4.20.0', revision: '866c76ca80'
System info: os.name: 'Windows 11', os.arch: 'amd64', os.version: '10.0', java.version: '21.0.7'
Driver info: org.openqa.selenium.chrome.ChromeDriver
Capabilities {acceptInsecureCerts: false, browserName: chrome, browserVersion: 138.0.7204.184, chrome: {chromedriverVersion: 138.0.7204.183 (e90faf484dd..., userDataDir: C:\Users\LENOVO\AppData\Loc...}, fedcm:accounts: true, goog:chromeOptions: {debuggerAddress: localhost:61891}, networkConnectionEnabled: false, pageLoadStrategy: normal, platformName: windows, proxy: Proxy(), se:cdp: ws://localhost:61891/devtoo..., se:cdpVersion: 138.0.7204.184, setWindowRect: true, strictFileInteractability: false, timeouts: {implicit: 0, pageLoad: 300000, script: 30000}, unhandledPromptBehavior: dismiss and notify, webauthn:extension:credBlob: true, webauthn:extension:largeBlob: true, webauthn:extension:minPinLength: true, webauthn:extension:prf: true, webauthn:virtualAuthenticators: true}
Session ID: cb19b024b0a423acb9b7f4f24051c6c1
at org.openqa.selenium.support.ui.WebDriverWait.timeoutException(WebDriverWait.java:84)
at org.openqa.selenium.support.ui.FluentWait.until(FluentWait.java:228)
at com.paysecure.Admin.pages.manageRoles_page.getErrorMessage_password(manageRoles_page.java:240)
at com.paysecure.Admin.pages.manageRoles_page.validateEmailError(manageRoles_page.java:290)
at com.paysecure.admin.manageRoles.validateEmailFieldErrors(manageRoles.java:77)
at java.base/jdk.internal.reflect.DirectMethodHandleAccessor.invoke(DirectMethodHandleAccessor.java:103)
at java.base/java.lang.reflect.Method.invoke(Method.java:580)
at org.testng.internal.invokers.MethodInvocationHelper.invokeMethod(MethodInvocationHelper.java:141)
at org.testng.internal.invokers.TestInvoker.invokeMethod(TestInvoker.java:687)
at org.testng.internal.invokers.TestInvoker.invokeTestMethod(TestInvoker.java:230)
at org.testng.internal.invokers.MethodRunner.runInSequence(MethodRunner.java:63)
at org.testng.internal.invokers.TestInvoker$MethodInvocationAgent.invoke(TestInvoker.java:995)
at org.testng.internal.invokers.TestInvoker.invokeTestMethods(TestInvoker.java:203)
at org.testng.internal.invokers.TestMethodWorker.invokeTestMethods(TestMethodWorker.java:154)
at org.testng.internal.invokers.TestMethodWorker.run(TestMethodWorker.java:134)
at java.base/java.util.ArrayList.forEach(ArrayList.java:1596)
at org.testng.TestRunner.privateRun(TestRunner.java:741)
at org.testng.TestRunner.run(TestRunner.java:616)
at org.testng.SuiteRunner.runTest(SuiteRunner.java:421)
at org.testng.SuiteRunner.runSequentially(SuiteRunner.java:413)
at org.testng.SuiteRunner.privateRun(SuiteRunner.java:373)
at org.testng.SuiteRunner.run(SuiteRunner.java:312)
at org.testng.SuiteRunnerWorker.runSuite(SuiteRunnerWorker.java:52)
at org.testng.SuiteRunnerWorker.run(SuiteRunnerWorker.java:95)
at org.testng.TestNG.runSuitesSequentially(TestNG.java:1274)
at org.testng.TestNG.runSuitesLocally(TestNG.java:1208)
at org.testng.TestNG.runSuites(TestNG.java:1112)
at org.testng.TestNG.run(TestNG.java:1079)
at org.testng.remote.AbstractRemoteTestNG.run(AbstractRemoteTestNG.java:115)
at org.testng.remote.RemoteTestNG.initAndRun(RemoteTestNG.java:293)
at org.testng.remote.RemoteTestNG.main(RemoteTestNG.java:91)
]]>
    </error>
    <system-out>
      <![CDATA[User Click on add rolRoles
User Click on add roll button]]>
    </system-out>
  </testcase> <!-- validateEmailFieldErrors -->
  <testcase classname="com.paysecure.admin.manageRoles" name="select_Role" time="20.228">
    <system-out>
      <![CDATA[User Click on add Roles]]>
    </system-out>
  </testcase> <!-- select_Role -->
  <testcase classname="com.paysecure.admin.manageRoles" name="create_Role" time="379.662">
    <system-out>
      <![CDATA[User Click on add Roles]]>
    </system-out>
  </testcase> <!-- create_Role -->
  <testcase classname="com.paysecure.admin.manageRoles" name="verifyShowAllButton" time="64.562">
    <system-out>
      <![CDATA[User search username/Merchant :- (*&^%$#$%^&*hgvhf)(*&^%^&*
User Click on search button
If user enter any wrong username or merchant name then No records found is successfully displays
User Click on the Show All Button]]>
    </system-out>
  </testcase> <!-- verifyShowAllButton -->
  <testcase classname="com.paysecure.admin.manageRoles" name="verifyUsernameOnDeletePopUp" time="20.811">
    <system-out>
      <![CDATA[User Click on Username Or Merchant name text Field
User enter Username or merchant Name :- tomjerry
User Click on the search Button
User get delete role name before delete this role
User Click on the Delete Button
Verify Username/Merchant name on the delete pop up]]>
    </system-out>
  </testcase> <!-- verifyUsernameOnDeletePopUp -->
  <testcase classname="com.paysecure.admin.manageRoles" name="deleteMercahnt" time="24.468">
    <system-out>
      <![CDATA[User Click on Username Or Merchant name text Field
User enter Username or merchant Name :- tomjerry
User Click on the search Button
User get delete role name before delete this role
User Click on the Delete Button
Verify Username/Merchant name on the delete pop up
User Click on the Cancel Button
User get delete role name before delete this role
User Click on the Delete Button
User Click on the Confirm Button]]>
    </system-out>
  </testcase> <!-- deleteMercahnt -->
  <testcase classname="com.paysecure.admin.manageRoles" name="ifRollIsMerchantThenCantDisplaysThatRollInAnotherRoll" time="62.040">
    <system-out>
      <![CDATA[User Click on Username Or Merchant name text Field
User enter Username or merchant Name :- wlnitendra
User Click on the search Button
After searching the role, user gets username: wlnitendra
After searching the role, user gets Assigned Role: WHITELABELMERCHANT
User Click on the search Button]]>
    </system-out>
  </testcase> <!-- ifRollIsMerchantThenCantDisplaysThatRollInAnotherRoll -->
  <testcase classname="com.paysecure.admin.manageRoles" name="ifRollIsMerchantThenCantDisplaysThatRollInAnotherRoll" time="61.629">
    <system-out>
      <![CDATA[User Click on Username Or Merchant name text Field
User enter Username or merchant Name :- wlnitendra
User Click on the search Button
After searching the role, user gets username: wlnitendra
After searching the role, user gets Assigned Role: WHITELABELMERCHANT
User Click on the search Button]]>
    </system-out>
  </testcase> <!-- ifRollIsMerchantThenCantDisplaysThatRollInAnotherRoll -->
  <testcase classname="com.paysecure.admin.manageRoles" name="verifyUserIDInResetPasswordFunctionality" time="29.192">
    <system-out>
      <![CDATA[User Click on Username Or Merchant name text Field
User enter Username or merchant Name :- tomjerry
User Click on the search Button
After searching the role, user gets username: tomjerry_c1
After searching the role, user gets Assigned Role: MERCHANT
User click on the Reset Password Functionality
Verify USEDID is matching on the Reset password
User enter passowrd in password field
User Verify :-Atleast one small and one capital letter, one digit, one special character
User verify :- Password should be min 8 character
User clear the text in the password field
User enter passowrd in password field
User verify :- Password should be min 8 character]]>
    </system-out>
  </testcase> <!-- verifyUserIDInResetPasswordFunctionality -->
  <testcase classname="com.paysecure.admin.manageRoles" name="userEnterNewPassword_UpdatePassword" time="47.276">
    <system-out>
      <![CDATA[User Click on Username Or Merchant name text Field
User enter Username or merchant Name :- tomjerry
User Click on the search Button
User click on the Reset Password Functionality
User enter passowrd in password field
User click on the update Button]]>
    </system-out>
  </testcase> <!-- userEnterNewPassword_UpdatePassword -->
  <testcase classname="com.paysecure.admin.manageRoles" name="afterSearchingRole_iteratepages" time="26.519">
    <system-out>
      <![CDATA[User Click on Username Or Merchant name text Field
User enter Username or merchant Name :- tomjerry
User Click on the search Button]]>
    </system-out>
  </testcase> <!-- afterSearchingRole_iteratepages -->
  <testcase classname="com.paysecure.admin.manageRoles" name="afterSearchingRole_iteratepages" time="23.922">
    <system-out>
      <![CDATA[User Click on Username Or Merchant name text Field
User enter Username or merchant Name :- tomjerry
User Click on the search Button]]>
    </system-out>
  </testcase> <!-- afterSearchingRole_iteratepages -->
  <testcase classname="com.paysecure.admin.manageRoles" name="verifyTableHeaderInManageRole" time="19.473">
    <system-out>
      <![CDATA[Expected headers: [USERNAME, MERCHANT NAME, EMAIL, ROLE, DELETE USER, RESET PASSWORD, LOGIN, RESET 2FA]
Actual headers found: [USERNAME, MERCHANT NAME, EMAIL, ROLE, DELETE USER, RESET PASSWORD, LOGIN, RESET 2FA]
Expected header count: 8
Actual header count: 8
Table header verification PASSED. Headers match exactly by name.]]>
    </system-out>
  </testcase> <!-- verifyTableHeaderInManageRole -->
  <testcase classname="com.paysecure.admin.manageRoles" name="displayByRoleDropdown" time="24.934">
    <system-out>
      <![CDATA[Verifies all the roles in display by roll dropdown is matches
Verifies that First By default Selected option from Display by dropdown :- ALL]]>
    </system-out>
  </testcase> <!-- displayByRoleDropdown -->
  <testcase classname="com.paysecure.admin.manageRoles" name="verifyAllTheErrorInLoginChangepassword" time="57.493">
    <system-out>
      <![CDATA[User search username/Merchant :- operationmerchant
User Click on search button
User click on the Reset Password Functionality
User enter passowrd in password field
User click on the update Button
After searching the role, user gets username: null
User enter new password in a new Password Field
Verify :- Your password is too short
Verify :- Your password contains sequences
Verify :- Use upper case characters
Verify :- Use numbers
Verify :- Use special characters
User enter new password in a new Password Field
User enter confirm password in a new Password Field
Verify that if Password is not match then this error is should be displays :- Password does not match!]]>
    </system-out>
  </testcase> <!-- verifyAllTheErrorInLoginChangepassword -->
  <testcase classname="com.paysecure.admin.manageRoles" name="verifyChangePasswordIfWeAlreadyDoResetPassword" time="73.661">
    <system-out>
      <![CDATA[User search username/Merchant :- operationmerchant
User Click on search button
User click on the Reset Password Functionality
User enter passowrd in password field
User click on the update Button
After searching the role, user gets username: null
Verifies :- if user enter login through the manage role then it successfully log in ]]>
    </system-out>
  </testcase> <!-- verifyChangePasswordIfWeAlreadyDoResetPassword -->
  <testcase classname="com.paysecure.admin.manageRoles" name="reset2FA_ManageRole" time="56.640"/>
  <testcase classname="com.paysecure.admin.manageRoles" name="reset2FA_ManageRole" time="59.729"/>
  <testcase classname="com.paysecure.admin.manageRoles" name="resetPasswordForSuperadminIfIAmASuperAdmin" time="76.107">
    <error message="Expected condition failed: waiting for visibility of element located by By.xpath: //span[@data-notify=&#039;message&#039; and contains(text(), &#039;You are not allowed to change password of SUPERADMIN&#039;)] (tried for 6 second(s) with 500 milliseconds interval)
Build info: version: &#039;4.20.0&#039;, revision: &#039;866c76ca80&#039;
System info: os.name: &#039;Windows 11&#039;, os.arch: &#039;amd64&#039;, os.version: &#039;10.0&#039;, java.version: &#039;21.0.7&#039;
Driver info: org.openqa.selenium.chrome.ChromeDriver
Capabilities {acceptInsecureCerts: false, browserName: chrome, browserVersion: 138.0.7204.184, chrome: {chromedriverVersion: 138.0.7204.183 (e90faf484dd..., userDataDir: C:\Users\LENOVO\AppData\Loc...}, fedcm:accounts: true, goog:chromeOptions: {debuggerAddress: localhost:63228}, networkConnectionEnabled: false, pageLoadStrategy: normal, platformName: windows, proxy: Proxy(), se:cdp: ws://localhost:63228/devtoo..., se:cdpVersion: 138.0.7204.184, setWindowRect: true, strictFileInteractability: false, timeouts: {implicit: 0, pageLoad: 300000, script: 30000}, unhandledPromptBehavior: dismiss and notify, webauthn:extension:credBlob: true, webauthn:extension:largeBlob: true, webauthn:extension:minPinLength: true, webauthn:extension:prf: true, webauthn:virtualAuthenticators: true}
Session ID: d8d0172299709d04a3a9f250c42c09b0" type="org.openqa.selenium.TimeoutException">
      <![CDATA[org.openqa.selenium.TimeoutException: Expected condition failed: waiting for visibility of element located by By.xpath: //span[@data-notify='message' and contains(text(), 'You are not allowed to change password of SUPERADMIN')] (tried for 6 second(s) with 500 milliseconds interval)
Build info: version: '4.20.0', revision: '866c76ca80'
System info: os.name: 'Windows 11', os.arch: 'amd64', os.version: '10.0', java.version: '21.0.7'
Driver info: org.openqa.selenium.chrome.ChromeDriver
Capabilities {acceptInsecureCerts: false, browserName: chrome, browserVersion: 138.0.7204.184, chrome: {chromedriverVersion: 138.0.7204.183 (e90faf484dd..., userDataDir: C:\Users\LENOVO\AppData\Loc...}, fedcm:accounts: true, goog:chromeOptions: {debuggerAddress: localhost:63228}, networkConnectionEnabled: false, pageLoadStrategy: normal, platformName: windows, proxy: Proxy(), se:cdp: ws://localhost:63228/devtoo..., se:cdpVersion: 138.0.7204.184, setWindowRect: true, strictFileInteractability: false, timeouts: {implicit: 0, pageLoad: 300000, script: 30000}, unhandledPromptBehavior: dismiss and notify, webauthn:extension:credBlob: true, webauthn:extension:largeBlob: true, webauthn:extension:minPinLength: true, webauthn:extension:prf: true, webauthn:virtualAuthenticators: true}
Session ID: d8d0172299709d04a3a9f250c42c09b0
at org.openqa.selenium.support.ui.WebDriverWait.timeoutException(WebDriverWait.java:84)
at org.openqa.selenium.support.ui.FluentWait.until(FluentWait.java:228)
at com.paysecure.Admin.pages.manageRoles_page.resetpassword_otherThanSUPERADMIN(manageRoles_page.java:805)
at com.paysecure.admin.manageRoles.resetPasswordForSuperadminIfIAmASuperAdmin(manageRoles.java:241)
at java.base/jdk.internal.reflect.DirectMethodHandleAccessor.invoke(DirectMethodHandleAccessor.java:103)
at java.base/java.lang.reflect.Method.invoke(Method.java:580)
at org.testng.internal.invokers.MethodInvocationHelper.invokeMethod(MethodInvocationHelper.java:141)
at org.testng.internal.invokers.TestInvoker.invokeMethod(TestInvoker.java:687)
at org.testng.internal.invokers.TestInvoker.invokeTestMethod(TestInvoker.java:230)
at org.testng.internal.invokers.MethodRunner.runInSequence(MethodRunner.java:63)
at org.testng.internal.invokers.TestInvoker$MethodInvocationAgent.invoke(TestInvoker.java:995)
at org.testng.internal.invokers.TestInvoker.invokeTestMethods(TestInvoker.java:203)
at org.testng.internal.invokers.TestMethodWorker.invokeTestMethods(TestMethodWorker.java:154)
at org.testng.internal.invokers.TestMethodWorker.run(TestMethodWorker.java:134)
at java.base/java.util.ArrayList.forEach(ArrayList.java:1596)
at org.testng.TestRunner.privateRun(TestRunner.java:741)
at org.testng.TestRunner.run(TestRunner.java:616)
at org.testng.SuiteRunner.runTest(SuiteRunner.java:421)
at org.testng.SuiteRunner.runSequentially(SuiteRunner.java:413)
at org.testng.SuiteRunner.privateRun(SuiteRunner.java:373)
at org.testng.SuiteRunner.run(SuiteRunner.java:312)
at org.testng.SuiteRunnerWorker.runSuite(SuiteRunnerWorker.java:52)
at org.testng.SuiteRunnerWorker.run(SuiteRunnerWorker.java:95)
at org.testng.TestNG.runSuitesSequentially(TestNG.java:1274)
at org.testng.TestNG.runSuitesLocally(TestNG.java:1208)
at org.testng.TestNG.runSuites(TestNG.java:1112)
at org.testng.TestNG.run(TestNG.java:1079)
at org.testng.remote.AbstractRemoteTestNG.run(AbstractRemoteTestNG.java:115)
at org.testng.remote.RemoteTestNG.initAndRun(RemoteTestNG.java:293)
at org.testng.remote.RemoteTestNG.main(RemoteTestNG.java:91)
]]>
    </error>
    <system-out>
      <![CDATA[User Click on Username Or Merchant name text Field
User enter Username or merchant Name :- nishantz
User Click on the search Button
User click on the Reset Password Functionality
User enter passowrd in password field
User click on the update Button]]>
    </system-out>
  </testcase> <!-- resetPasswordForSuperadminIfIAmASuperAdmin -->
  <system-out>
    <![CDATA[User enter ID in Username field
User Enter Password in password field
Click on submit button in login page
User Click on Main Module - Manage Roles
User is on the Manage Roles Main Module
User search username/Merchant :- gouri_sharma
User Click on search button
User search username/Merchant :- gouri_sharma
User Click on search button
Verify search username is present on this manage role page :- gouri_sharma
User enter ID in Username field
User Enter Password in password field
Click on submit button in login page
User Click on Main Module - Manage Roles
User is on the Manage Roles Main Module
User search username/Merchant :- (*&^%$#$%^&*hgvhf)(*&^%^&*
User Click on search button
If user enter any wrong username or merchant name then No records found is successfully displays
User enter ID in Username field
User Enter Password in password field
Click on submit button in login page
User Click on Main Module - Manage Roles
User is on the Manage Roles Main Module
User search username/Merchant :- gouri_sharma
User Click on search button
User enter ID in Username field
User Enter Password in password field
Click on submit button in login page
User Click on Main Module - Manage Roles
User is on the Manage Roles Main Module
User Click on add rolRoles
User Click on add roll button
User enter ID in Username field
User Enter Password in password field
Click on submit button in login page
User Click on Main Module - Manage Roles
User is on the Manage Roles Main Module
User Click on add rolRoles
User Click on add roll button
User enter ID in Username field
User Enter Password in password field
Click on submit button in login page
User Click on Main Module - Manage Roles
User is on the Manage Roles Main Module
User Click on add rolRoles
User Click on add roll button
User enter ID in Username field
User Enter Password in password field
Click on submit button in login page
User Click on Main Module - Manage Roles
User is on the Manage Roles Main Module
User Click on add rolRoles
User Click on add roll button
User enter ID in Username field
User Enter Password in password field
Click on submit button in login page
User Click on Main Module - Manage Roles
User is on the Manage Roles Main Module
User Click on add rolRoles
User Click on add roll button
User enter ID in Username field
User Enter Password in password field
Click on submit button in login page
User Click on Main Module - Manage Roles
User is on the Manage Roles Main Module
User Click on add rolRoles
User Click on add roll button
User enter ID in Username field
User Enter Password in password field
Click on submit button in login page
User Click on Main Module - Manage Roles
User is on the Manage Roles Main Module
User Click on add Roles
User click on the Gen Pass Button
User clicks on the Gen Pass Button then actually some new password will be generated: 'gF!UL@D6'
User enter ID in Username field
User Enter Password in password field
Click on submit button in login page
User Click on Main Module - Manage Roles
User is on the Manage Roles Main Module
User Click on add rolRoles
User Click on add roll button
User enter ID in Username field
User Enter Password in password field
Click on submit button in login page
User Click on Main Module - Manage Roles
User is on the Manage Roles Main Module
User Click on add rolRoles
User Click on add roll button
User enter ID in Username field
User Enter Password in password field
Click on submit button in login page
User Click on Main Module - Manage Roles
User is on the Manage Roles Main Module
User Click on add rolRoles
User Click on add roll button
User enter ID in Username field
User Enter Password in password field
Click on submit button in login page
User Click on Main Module - Manage Roles
User is on the Manage Roles Main Module
User Click on add rolRoles
User Click on add roll button
User enter ID in Username field
User Enter Password in password field
Click on submit button in login page
User Click on Main Module - Manage Roles
User is on the Manage Roles Main Module
User Click on add Roles
User enter ID in Username field
User Enter Password in password field
Click on submit button in login page
User Click on Main Module - Manage Roles
User is on the Manage Roles Main Module
User Click on add Roles
User enter ID in Username field
User Enter Password in password field
Click on submit button in login page
User Click on Main Module - Manage Roles
User is on the Manage Roles Main Module
User search username/Merchant :- (*&^%$#$%^&*hgvhf)(*&^%^&*
User Click on search button
If user enter any wrong username or merchant name then No records found is successfully displays
User Click on the Show All Button
User enter ID in Username field
User Enter Password in password field
Click on submit button in login page
User Click on Main Module - Manage Roles
User is on the Manage Roles Main Module
User Click on Username Or Merchant name text Field
User enter Username or merchant Name :- tomjerry
User Click on the search Button
User get delete role name before delete this role
User Click on the Delete Button
Verify Username/Merchant name on the delete pop up
User enter ID in Username field
User Enter Password in password field
Click on submit button in login page
User Click on Main Module - Manage Roles
User is on the Manage Roles Main Module
User Click on Username Or Merchant name text Field
User enter Username or merchant Name :- tomjerry
User Click on the search Button
User get delete role name before delete this role
User Click on the Delete Button
Verify Username/Merchant name on the delete pop up
User Click on the Cancel Button
User get delete role name before delete this role
User Click on the Delete Button
User Click on the Confirm Button
User enter ID in Username field
User Enter Password in password field
Click on submit button in login page
User Click on Main Module - Manage Roles
User is on the Manage Roles Main Module
User Click on Username Or Merchant name text Field
User enter Username or merchant Name :- wlnitendra
User Click on the search Button
After searching the role, user gets username: wlnitendra
After searching the role, user gets Assigned Role: WHITELABELMERCHANT
User Click on the search Button
User enter ID in Username field
User Enter Password in password field
Click on submit button in login page
User Click on Main Module - Manage Roles
User is on the Manage Roles Main Module
User Click on Username Or Merchant name text Field
User enter Username or merchant Name :- wlnitendra
User Click on the search Button
After searching the role, user gets username: wlnitendra
After searching the role, user gets Assigned Role: WHITELABELMERCHANT
User Click on the search Button
User enter ID in Username field
User Enter Password in password field
Click on submit button in login page
User Click on Main Module - Manage Roles
User is on the Manage Roles Main Module
User Click on Username Or Merchant name text Field
User enter Username or merchant Name :- tomjerry
User Click on the search Button
After searching the role, user gets username: tomjerry_c1
After searching the role, user gets Assigned Role: MERCHANT
User click on the Reset Password Functionality
Verify USEDID is matching on the Reset password
User enter passowrd in password field
User Verify :-Atleast one small and one capital letter, one digit, one special character
User verify :- Password should be min 8 character
User clear the text in the password field
User enter passowrd in password field
User verify :- Password should be min 8 character
User enter ID in Username field
User Enter Password in password field
Click on submit button in login page
User Click on Main Module - Manage Roles
User is on the Manage Roles Main Module
User Click on Username Or Merchant name text Field
User enter Username or merchant Name :- tomjerry
User Click on the search Button
User click on the Reset Password Functionality
User enter passowrd in password field
User click on the update Button
User enter ID in Username field
User Enter Password in password field
Click on submit button in login page
User Click on Main Module - Manage Roles
User is on the Manage Roles Main Module
User Click on Username Or Merchant name text Field
User enter Username or merchant Name :- tomjerry
User Click on the search Button
User enter ID in Username field
User Enter Password in password field
Click on submit button in login page
User Click on Main Module - Manage Roles
User is on the Manage Roles Main Module
User Click on Username Or Merchant name text Field
User enter Username or merchant Name :- tomjerry
User Click on the search Button
User enter ID in Username field
User Enter Password in password field
Click on submit button in login page
User Click on Main Module - Manage Roles
User is on the Manage Roles Main Module
Expected headers: [USERNAME, MERCHANT NAME, EMAIL, ROLE, DELETE USER, RESET PASSWORD, LOGIN, RESET 2FA]
Actual headers found: [USERNAME, MERCHANT NAME, EMAIL, ROLE, DELETE USER, RESET PASSWORD, LOGIN, RESET 2FA]
Expected header count: 8
Actual header count: 8
Table header verification PASSED. Headers match exactly by name.
User enter ID in Username field
User Enter Password in password field
Click on submit button in login page
User Click on Main Module - Manage Roles
User is on the Manage Roles Main Module
Verifies all the roles in display by roll dropdown is matches
Verifies that First By default Selected option from Display by dropdown :- ALL
User enter ID in Username field
User Enter Password in password field
Click on submit button in login page
User Click on Main Module - Manage Roles
User is on the Manage Roles Main Module
User search username/Merchant :- operationmerchant
User Click on search button
User click on the Reset Password Functionality
User enter passowrd in password field
User click on the update Button
After searching the role, user gets username: null
User enter new password in a new Password Field
Verify :- Your password is too short
Verify :- Your password contains sequences
Verify :- Use upper case characters
Verify :- Use numbers
Verify :- Use special characters
User enter new password in a new Password Field
User enter confirm password in a new Password Field
Verify that if Password is not match then this error is should be displays :- Password does not match!
User enter ID in Username field
User Enter Password in password field
Click on submit button in login page
User Click on Main Module - Manage Roles
User is on the Manage Roles Main Module
User search username/Merchant :- operationmerchant
User Click on search button
User click on the Reset Password Functionality
User enter passowrd in password field
User click on the update Button
After searching the role, user gets username: null
Verifies :- if user enter login through the manage role then it successfully log in 
User enter ID in Username field
User Enter Password in password field
Click on submit button in login page
User Click on Main Module - Manage Roles
User is on the Manage Roles Main Module
User enter ID in Username field
User Enter Password in password field
Click on submit button in login page
User Click on Main Module - Manage Roles
User is on the Manage Roles Main Module
User enter ID in Username field
User Enter Password in password field
Click on submit button in login page
User Click on Main Module - Manage Roles
User is on the Manage Roles Main Module
User Click on Username Or Merchant name text Field
User enter Username or merchant Name :- nishantz
User Click on the search Button
User click on the Reset Password Functionality
User enter passowrd in password field
User click on the update Button]]>
  </system-out>
</testsuite> <!-- com.paysecure.admin.manageRoles -->
