<?xml version="1.0" encoding="UTF-8"?>
<!-- Generated by org.testng.reporters.JUnitReportReporter -->
<testsuite hostname="DESKTOP-570GG52" failures="0" tests="1" name="com.report.test.transaction" time="24.345" errors="0" timestamp="2025-08-05T08:41:51 IST" skipped="0">
  <testcase classname="com.report.test.transaction" name="status" time="24.345"/>
  <system-out>
    <![CDATA[User enter ID in Username field
User Enter Password in password field
Click on submit button in login page
User click on Report Main Module
User click on Transaction sub module]]>
  </system-out>
</testsuite> <!-- com.report.test.transaction -->
