<?xml version="1.0" encoding="UTF-8"?>
<!-- Generated by org.testng.reporters.JUnitReportReporter -->
<testsuite hostname="PS-L6" failures="0" tests="1" name="com.report.test.errorLog" time="26.478" errors="0" timestamp="2025-07-15T14:50:11 IST" skipped="0">
  <testcase classname="com.report.test.errorLog" name="f" time="26.478">
    <system-out>
      <![CDATA[Click on the Date range
select date range :- Last 30 Days
click on the select merchant filed
Enter merchant name in a search merchant functioanlity
select merchant name :- mukesh1
select merchant from all merchnat
User enter Merchant Ref ID in merchant ref ID Text Field
User enter Purchase Id in Purchase Id Text Field
User click on search button]]>
    </system-out>
  </testcase> <!-- f -->
  <system-out>
    <![CDATA[User enter ID in Username field
User Enter Password in password field
Click on submit button in login page
User navigate upto Analytics
User click on Report Main Module
User click on Error Log Sub Module
User is on the Error Log Sub Module
Click on the Date range
select date range :- Last 30 Days
click on the select merchant filed
Enter merchant name in a search merchant functioanlity
select merchant name :- mukesh1
select merchant from all merchnat
User enter Merchant Ref ID in merchant ref ID Text Field
User enter Purchase Id in Purchase Id Text Field
User click on search button]]>
  </system-out>
</testsuite> <!-- com.report.test.errorLog -->
